\BOOKMARK [0][-]{chapter*.1}{\376\377\000R\000e\000m\000e\000r\000c\000i\000e\000m\000e\000n\000t\000s}{}% 1
\BOOKMARK [0][-]{chapter*.2}{\376\377\000R\000\351\000s\000u\000m\000\351}{}% 2
\BOOKMARK [0][-]{chapter.1}{\376\377\000I\000n\000t\000r\000o\000d\000u\000c\000t\000i\000o\000n\000\040\000e\000t\000\040\000C\000o\000n\000t\000e\000x\000t\000e}{}% 3
\BOOKMARK [1][-]{section.1.1}{\376\377\000P\000r\000\351\000s\000e\000n\000t\000a\000t\000i\000o\000n\000\040\000d\000u\000\040\000P\000r\000o\000j\000e\000t}{chapter.1}% 4
\BOOKMARK [1][-]{section.1.2}{\376\377\000P\000r\000o\000b\000l\000\351\000m\000a\000t\000i\000q\000u\000e}{chapter.1}% 5
\BOOKMARK [1][-]{section.1.3}{\376\377\000O\000b\000j\000e\000c\000t\000i\000f\000s\000\040\000d\000u\000\040\000P\000r\000o\000j\000e\000t}{chapter.1}% 6
\BOOKMARK [1][-]{section.1.4}{\376\377\000C\000a\000h\000i\000e\000r\000\040\000d\000e\000s\000\040\000C\000h\000a\000r\000g\000e\000s\000\040\000R\000\351\000s\000u\000m\000\351}{chapter.1}% 7
\BOOKMARK [2][-]{subsection.1.4.1}{\376\377\000E\000x\000i\000g\000e\000n\000c\000e\000s\000\040\000F\000o\000n\000c\000t\000i\000o\000n\000n\000e\000l\000l\000e\000s}{section.1.4}% 8
\BOOKMARK [2][-]{subsection.1.4.2}{\376\377\000E\000x\000i\000g\000e\000n\000c\000e\000s\000\040\000N\000o\000n\000-\000F\000o\000n\000c\000t\000i\000o\000n\000n\000e\000l\000l\000e\000s}{section.1.4}% 9
\BOOKMARK [1][-]{section.1.5}{\376\377\000M\000\351\000t\000h\000o\000d\000o\000l\000o\000g\000i\000e\000\040\000d\000e\000\040\000T\000r\000a\000v\000a\000i\000l}{chapter.1}% 10
\BOOKMARK [0][-]{chapter.2}{\376\377\000A\000n\000a\000l\000y\000s\000e\000\040\000e\000t\000\040\000C\000o\000n\000c\000e\000p\000t\000i\000o\000n}{}% 11
\BOOKMARK [1][-]{section.2.1}{\376\377\000A\000n\000a\000l\000y\000s\000e\000\040\000d\000e\000s\000\040\000B\000e\000s\000o\000i\000n\000s}{chapter.2}% 12
\BOOKMARK [2][-]{subsection.2.1.1}{\376\377\000B\000e\000s\000o\000i\000n\000s\000\040\000F\000o\000n\000c\000t\000i\000o\000n\000n\000e\000l\000s}{section.2.1}% 13
\BOOKMARK [2][-]{subsection.2.1.2}{\376\377\000I\000d\000e\000n\000t\000i\000f\000i\000c\000a\000t\000i\000o\000n\000\040\000d\000e\000s\000\040\000A\000c\000t\000e\000u\000r\000s}{section.2.1}% 14
\BOOKMARK [1][-]{section.2.2}{\376\377\000D\000i\000a\000g\000r\000a\000m\000m\000e\000\040\000d\000e\000\040\000C\000a\000s\000\040\000d\000'\000U\000t\000i\000l\000i\000s\000a\000t\000i\000o\000n}{chapter.2}% 15
\BOOKMARK [1][-]{section.2.3}{\376\377\000M\000o\000d\000\351\000l\000i\000s\000a\000t\000i\000o\000n\000\040\000d\000e\000\040\000l\000a\000\040\000B\000a\000s\000e\000\040\000d\000e\000\040\000D\000o\000n\000n\000\351\000e\000s}{chapter.2}% 16
\BOOKMARK [2][-]{subsection.2.3.1}{\376\377\000S\000c\000h\000\351\000m\000a\000\040\000R\000e\000l\000a\000t\000i\000o\000n\000n\000e\000l}{section.2.3}% 17
\BOOKMARK [2][-]{subsection.2.3.2}{\376\377\000D\000e\000s\000c\000r\000i\000p\000t\000i\000o\000n\000\040\000d\000e\000s\000\040\000C\000o\000l\000l\000e\000c\000t\000i\000o\000n\000s}{section.2.3}% 18
\BOOKMARK [1][-]{section.2.4}{\376\377\000C\000o\000n\000t\000r\000a\000i\000n\000t\000e\000s\000\040\000d\000e\000\040\000S\000\351\000c\000u\000r\000i\000t\000\351}{chapter.2}% 19
\BOOKMARK [0][-]{chapter.3}{\376\377\000A\000r\000c\000h\000i\000t\000e\000c\000t\000u\000r\000e\000\040\000e\000t\000\040\000T\000e\000c\000h\000n\000o\000l\000o\000g\000i\000e\000s}{}% 20
\BOOKMARK [1][-]{section.3.1}{\376\377\000A\000r\000c\000h\000i\000t\000e\000c\000t\000u\000r\000e\000\040\000G\000l\000o\000b\000a\000l\000e}{chapter.3}% 21
\BOOKMARK [2][-]{subsection.3.1.1}{\376\377\000T\000i\000e\000r\000\040\0001\000\040\000:\000\040\000C\000o\000u\000c\000h\000e\000\040\000P\000r\000\351\000s\000e\000n\000t\000a\000t\000i\000o\000n\000\040\000\050\000F\000r\000o\000n\000t\000e\000n\000d\000\051}{section.3.1}% 22
\BOOKMARK [2][-]{subsection.3.1.2}{\376\377\000T\000i\000e\000r\000\040\0002\000\040\000:\000\040\000C\000o\000u\000c\000h\000e\000\040\000L\000o\000g\000i\000q\000u\000e\000\040\000M\000\351\000t\000i\000e\000r\000\040\000\050\000B\000a\000c\000k\000e\000n\000d\000\051}{section.3.1}% 23
\BOOKMARK [2][-]{subsection.3.1.3}{\376\377\000T\000i\000e\000r\000\040\0003\000\040\000:\000\040\000C\000o\000u\000c\000h\000e\000\040\000D\000o\000n\000n\000\351\000e\000s\000\040\000\050\000D\000a\000t\000a\000b\000a\000s\000e\000\051}{section.3.1}% 24
\BOOKMARK [1][-]{section.3.2}{\376\377\000S\000t\000a\000c\000k\000\040\000T\000e\000c\000h\000n\000o\000l\000o\000g\000i\000q\000u\000e}{chapter.3}% 25
\BOOKMARK [2][-]{subsection.3.2.1}{\376\377\000J\000u\000s\000t\000i\000f\000i\000c\000a\000t\000i\000o\000n\000\040\000d\000e\000s\000\040\000C\000h\000o\000i\000x}{section.3.2}% 26
\BOOKMARK [2][-]{subsection.3.2.2}{\376\377\000A\000v\000a\000n\000t\000a\000g\000e\000s\000\040\000d\000e\000\040\000l\000'\000A\000r\000c\000h\000i\000t\000e\000c\000t\000u\000r\000e\000\040\000C\000h\000o\000i\000s\000i\000e}{section.3.2}% 27
\BOOKMARK [1][-]{section.3.3}{\376\377\000S\000t\000r\000u\000c\000t\000u\000r\000e\000\040\000d\000u\000\040\000C\000o\000d\000e}{chapter.3}% 28
\BOOKMARK [2][-]{subsection.3.3.1}{\376\377\000S\000t\000r\000u\000c\000t\000u\000r\000e\000\040\000B\000a\000c\000k\000e\000n\000d}{section.3.3}% 29
\BOOKMARK [2][-]{subsection.3.3.2}{\376\377\000S\000t\000r\000u\000c\000t\000u\000r\000e\000\040\000F\000r\000o\000n\000t\000e\000n\000d}{section.3.3}% 30
\BOOKMARK [0][-]{chapter.4}{\376\377\000F\000o\000n\000c\000t\000i\000o\000n\000n\000a\000l\000i\000t\000\351\000s\000\040\000D\000\351\000t\000a\000i\000l\000l\000\351\000e\000s}{}% 31
\BOOKMARK [1][-]{section.4.1}{\376\377\000A\000u\000t\000h\000e\000n\000t\000i\000f\000i\000c\000a\000t\000i\000o\000n\000\040\000e\000t\000\040\000A\000u\000t\000o\000r\000i\000s\000a\000t\000i\000o\000n}{chapter.4}% 32
\BOOKMARK [2][-]{subsection.4.1.1}{\376\377\000I\000n\000s\000c\000r\000i\000p\000t\000i\000o\000n\000\040\000d\000e\000s\000\040\000U\000t\000i\000l\000i\000s\000a\000t\000e\000u\000r\000s}{section.4.1}% 33
\BOOKMARK [2][-]{subsection.4.1.2}{\376\377\000C\000o\000n\000n\000e\000x\000i\000o\000n\000\040\000S\000\351\000c\000u\000r\000i\000s\000\351\000e}{section.4.1}% 34
\BOOKMARK [2][-]{subsection.4.1.3}{\376\377\000G\000e\000s\000t\000i\000o\000n\000\040\000d\000e\000s\000\040\000R\000\364\000l\000e\000s\000\040\000\050\000R\000B\000A\000C\000\051}{section.4.1}% 35
\BOOKMARK [1][-]{section.4.2}{\376\377\000G\000e\000s\000t\000i\000o\000n\000\040\000d\000e\000s\000\040\000P\000r\000o\000d\000u\000i\000t\000s\000\040\000\050\000C\000R\000U\000D\000\051}{chapter.4}% 36
\BOOKMARK [2][-]{subsection.4.2.1}{\376\377\000C\000r\000\351\000a\000t\000i\000o\000n\000\040\000d\000e\000\040\000P\000r\000o\000d\000u\000i\000t\000\040\000\050\000A\000d\000m\000i\000n\000\051}{section.4.2}% 37
\BOOKMARK [2][-]{subsection.4.2.2}{\376\377\000L\000i\000s\000t\000e\000\040\000d\000e\000s\000\040\000P\000r\000o\000d\000u\000i\000t\000s}{section.4.2}% 38
\BOOKMARK [2][-]{subsection.4.2.3}{\376\377\000M\000o\000d\000i\000f\000i\000c\000a\000t\000i\000o\000n\000\040\000d\000e\000\040\000P\000r\000o\000d\000u\000i\000t\000\040\000\050\000A\000d\000m\000i\000n\000\051}{section.4.2}% 39
\BOOKMARK [2][-]{subsection.4.2.4}{\376\377\000S\000u\000p\000p\000r\000e\000s\000s\000i\000o\000n\000\040\000d\000e\000\040\000P\000r\000o\000d\000u\000i\000t\000\040\000\050\000A\000d\000m\000i\000n\000\051}{section.4.2}% 40
\BOOKMARK [2][-]{subsection.4.2.5}{\376\377\000D\000\351\000t\000a\000i\000l\000s\000\040\000d\000'\000u\000n\000\040\000P\000r\000o\000d\000u\000i\000t}{section.4.2}% 41
\BOOKMARK [1][-]{section.4.3}{\376\377\000R\000e\000c\000h\000e\000r\000c\000h\000e\000\040\000e\000t\000\040\000F\000i\000l\000t\000r\000a\000g\000e\000\040\000A\000v\000a\000n\000c\000\351\000s}{chapter.4}% 42
\BOOKMARK [2][-]{subsection.4.3.1}{\376\377\000R\000e\000c\000h\000e\000r\000c\000h\000e\000\040\000T\000e\000x\000t\000u\000e\000l\000l\000e}{section.4.3}% 43
\BOOKMARK [2][-]{subsection.4.3.2}{\376\377\000F\000i\000l\000t\000r\000a\000g\000e\000\040\000M\000u\000l\000t\000i\000-\000C\000r\000i\000t\000\350\000r\000e\000s}{section.4.3}% 44
\BOOKMARK [2][-]{subsection.4.3.3}{\376\377\000T\000r\000i\000\040\000d\000e\000s\000\040\000R\000\351\000s\000u\000l\000t\000a\000t\000s}{section.4.3}% 45
\BOOKMARK [2][-]{subsection.4.3.4}{\376\377\000P\000a\000g\000i\000n\000a\000t\000i\000o\000n}{section.4.3}% 46
\BOOKMARK [1][-]{section.4.4}{\376\377\000U\000p\000l\000o\000a\000d\000\040\000d\000e\000\040\000F\000i\000c\000h\000i\000e\000r\000s}{chapter.4}% 47
\BOOKMARK [2][-]{subsection.4.4.1}{\376\377\000U\000p\000l\000o\000a\000d\000\040\000d\000'\000I\000m\000a\000g\000e\000s\000\040\000P\000r\000o\000d\000u\000i\000t\000s}{section.4.4}% 48
\BOOKMARK [1][-]{section.4.5}{\376\377\000D\000a\000s\000h\000b\000o\000a\000r\000d\000\040\000A\000d\000m\000i\000n\000i\000s\000t\000r\000a\000t\000e\000u\000r}{chapter.4}% 49
\BOOKMARK [2][-]{subsection.4.5.1}{\376\377\000S\000t\000a\000t\000i\000s\000t\000i\000q\000u\000e\000s\000\040\000G\000l\000o\000b\000a\000l\000e\000s}{section.4.5}% 50
\BOOKMARK [2][-]{subsection.4.5.2}{\376\377\000D\000i\000s\000t\000r\000i\000b\000u\000t\000i\000o\000n\000\040\000p\000a\000r\000\040\000C\000a\000t\000\351\000g\000o\000r\000i\000e}{section.4.5}% 51
\BOOKMARK [2][-]{subsection.4.5.3}{\376\377\000A\000l\000e\000r\000t\000e\000s\000\040\000S\000t\000o\000c\000k}{section.4.5}% 52
\BOOKMARK [0][-]{chapter.5}{\376\377\000I\000n\000t\000e\000r\000f\000a\000c\000e\000\040\000U\000t\000i\000l\000i\000s\000a\000t\000e\000u\000r\000\040\000e\000t\000\040\000E\000x\000p\000\351\000r\000i\000e\000n\000c\000e\000\040\000U\000t\000i\000l\000i\000s\000a\000t\000e\000u\000r}{}% 53
\BOOKMARK [1][-]{section.5.1}{\376\377\000D\000e\000s\000i\000g\000n\000\040\000S\000y\000s\000t\000e\000m}{chapter.5}% 54
\BOOKMARK [2][-]{subsection.5.1.1}{\376\377\000P\000a\000l\000e\000t\000t\000e\000\040\000d\000e\000\040\000C\000o\000u\000l\000e\000u\000r\000s}{section.5.1}% 55
\BOOKMARK [2][-]{subsection.5.1.2}{\376\377\000T\000y\000p\000o\000g\000r\000a\000p\000h\000i\000e}{section.5.1}% 56
\BOOKMARK [1][-]{section.5.2}{\376\377\000R\000e\000s\000p\000o\000n\000s\000i\000v\000e\000\040\000D\000e\000s\000i\000g\000n}{chapter.5}% 57
\BOOKMARK [1][-]{section.5.3}{\376\377\000N\000a\000v\000i\000g\000a\000t\000i\000o\000n}{chapter.5}% 58
\BOOKMARK [2][-]{subsection.5.3.1}{\376\377\000B\000a\000r\000r\000e\000\040\000d\000e\000\040\000N\000a\000v\000i\000g\000a\000t\000i\000o\000n}{section.5.3}% 59
\BOOKMARK [2][-]{subsection.5.3.2}{\376\377\000P\000a\000g\000e\000\040\000d\000'\000A\000c\000c\000u\000e\000i\000l}{section.5.3}% 60
\BOOKMARK [1][-]{section.5.4}{\376\377\000A\000n\000i\000m\000a\000t\000i\000o\000n\000s\000\040\000e\000t\000\040\000T\000r\000a\000n\000s\000i\000t\000i\000o\000n\000s}{chapter.5}% 61
\BOOKMARK [1][-]{section.5.5}{\376\377\000F\000e\000e\000d\000b\000a\000c\000k\000\040\000V\000i\000s\000u\000e\000l}{chapter.5}% 62
\BOOKMARK [2][-]{subsection.5.5.1}{\376\377\000\311\000t\000a\000t\000s\000\040\000d\000e\000\040\000C\000h\000a\000r\000g\000e\000m\000e\000n\000t}{section.5.5}% 63
\BOOKMARK [2][-]{subsection.5.5.2}{\376\377\000M\000e\000s\000s\000a\000g\000e\000s\000\040\000d\000e\000\040\000S\000u\000c\000c\000\350\000s\000\040\000e\000t\000\040\000d\000'\000E\000r\000r\000e\000u\000r}{section.5.5}% 64
\BOOKMARK [0][-]{chapter.6}{\376\377\000B\000a\000c\000k\000e\000n\000d\000\040\000e\000t\000\040\000A\000P\000I\000\040\000R\000E\000S\000T}{}% 65
\BOOKMARK [1][-]{section.6.1}{\376\377\000A\000r\000c\000h\000i\000t\000e\000c\000t\000u\000r\000e\000\040\000B\000a\000c\000k\000e\000n\000d}{chapter.6}% 66
\BOOKMARK [1][-]{section.6.2}{\376\377\000E\000n\000d\000p\000o\000i\000n\000t\000s\000\040\000P\000r\000i\000n\000c\000i\000p\000a\000u\000x}{chapter.6}% 67
\BOOKMARK [2][-]{subsection.6.2.1}{\376\377\000R\000o\000u\000t\000e\000s\000\040\000d\000'\000A\000u\000t\000h\000e\000n\000t\000i\000f\000i\000c\000a\000t\000i\000o\000n}{section.6.2}% 68
\BOOKMARK [2][-]{subsection.6.2.2}{\376\377\000R\000o\000u\000t\000e\000s\000\040\000d\000e\000s\000\040\000P\000r\000o\000d\000u\000i\000t\000s}{section.6.2}% 69
\BOOKMARK [1][-]{section.6.3}{\376\377\000T\000e\000s\000t\000s\000\040\000a\000v\000e\000c\000\040\000P\000o\000s\000t\000m\000a\000n}{chapter.6}% 70
\BOOKMARK [1][-]{section.6.4}{\376\377\000S\000\351\000c\000u\000r\000i\000t\000\351\000\040\000d\000e\000\040\000l\000'\000A\000P\000I}{chapter.6}% 71
\BOOKMARK [2][-]{subsection.6.4.1}{\376\377\000A\000u\000t\000h\000e\000n\000t\000i\000f\000i\000c\000a\000t\000i\000o\000n\000\040\000J\000W\000T}{section.6.4}% 72
\BOOKMARK [2][-]{subsection.6.4.2}{\376\377\000V\000a\000l\000i\000d\000a\000t\000i\000o\000n\000\040\000d\000e\000s\000\040\000D\000o\000n\000n\000\351\000e\000s}{section.6.4}% 73
\BOOKMARK [2][-]{subsection.6.4.3}{\376\377\000P\000r\000o\000t\000e\000c\000t\000i\000o\000n\000\040\000c\000o\000n\000t\000r\000e\000\040\000l\000e\000s\000\040\000V\000u\000l\000n\000\351\000r\000a\000b\000i\000l\000i\000t\000\351\000s}{section.6.4}% 74
\BOOKMARK [0][-]{chapter.7}{\376\377\000D\000\351\000p\000l\000o\000i\000e\000m\000e\000n\000t\000\040\000e\000t\000\040\000T\000e\000s\000t\000s}{}% 75
\BOOKMARK [1][-]{section.7.1}{\376\377\000A\000r\000c\000h\000i\000t\000e\000c\000t\000u\000r\000e\000\040\000d\000e\000\040\000D\000\351\000p\000l\000o\000i\000e\000m\000e\000n\000t}{chapter.7}% 76
\BOOKMARK [1][-]{section.7.2}{\376\377\000C\000o\000n\000f\000i\000g\000u\000r\000a\000t\000i\000o\000n\000\040\000d\000u\000\040\000D\000\351\000p\000l\000o\000i\000e\000m\000e\000n\000t}{chapter.7}% 77
\BOOKMARK [2][-]{subsection.7.2.1}{\376\377\000B\000a\000c\000k\000e\000n\000d\000\040\000s\000u\000r\000\040\000R\000e\000n\000d\000e\000r}{section.7.2}% 78
\BOOKMARK [2][-]{subsection.7.2.2}{\376\377\000F\000r\000o\000n\000t\000e\000n\000d\000\040\000s\000u\000r\000\040\000V\000e\000r\000c\000e\000l}{section.7.2}% 79
\BOOKMARK [1][-]{section.7.3}{\376\377\000A\000p\000p\000l\000i\000c\000a\000t\000i\000o\000n\000\040\000D\000\351\000p\000l\000o\000y\000\351\000e}{chapter.7}% 80
\BOOKMARK [1][-]{section.7.4}{\376\377\000T\000e\000s\000t\000s\000\040\000R\000\351\000a\000l\000i\000s\000\351\000s}{chapter.7}% 81
\BOOKMARK [2][-]{subsection.7.4.1}{\376\377\000T\000e\000s\000t\000s\000\040\000F\000o\000n\000c\000t\000i\000o\000n\000n\000e\000l\000s}{section.7.4}% 82
\BOOKMARK [2][-]{subsection.7.4.2}{\376\377\000T\000e\000s\000t\000s\000\040\000d\000e\000\040\000S\000\351\000c\000u\000r\000i\000t\000\351}{section.7.4}% 83
\BOOKMARK [2][-]{subsection.7.4.3}{\376\377\000T\000e\000s\000t\000s\000\040\000d\000e\000\040\000P\000e\000r\000f\000o\000r\000m\000a\000n\000c\000e}{section.7.4}% 84
\BOOKMARK [1][-]{section.7.5}{\376\377\000M\000o\000n\000i\000t\000o\000r\000i\000n\000g}{chapter.7}% 85
\BOOKMARK [2][-]{subsection.7.5.1}{\376\377\000O\000u\000t\000i\000l\000s\000\040\000d\000e\000\040\000M\000o\000n\000i\000t\000o\000r\000i\000n\000g}{section.7.5}% 86
\BOOKMARK [0][-]{chapter.8}{\376\377\000C\000o\000n\000c\000l\000u\000s\000i\000o\000n\000\040\000e\000t\000\040\000P\000e\000r\000s\000p\000e\000c\000t\000i\000v\000e\000s}{}% 87
\BOOKMARK [1][-]{section.8.1}{\376\377\000B\000i\000l\000a\000n\000\040\000d\000u\000\040\000P\000r\000o\000j\000e\000t}{chapter.8}% 88
\BOOKMARK [2][-]{subsection.8.1.1}{\376\377\000O\000b\000j\000e\000c\000t\000i\000f\000s\000\040\000A\000t\000t\000e\000i\000n\000t\000s}{section.8.1}% 89
\BOOKMARK [2][-]{subsection.8.1.2}{\376\377\000C\000o\000m\000p\000\351\000t\000e\000n\000c\000e\000s\000\040\000A\000c\000q\000u\000i\000s\000e\000s}{section.8.1}% 90
\BOOKMARK [1][-]{section.8.2}{\376\377\000D\000\351\000f\000i\000s\000\040\000R\000e\000n\000c\000o\000n\000t\000r\000\351\000s}{chapter.8}% 91
\BOOKMARK [2][-]{subsection.8.2.1}{\376\377\000D\000\351\000f\000i\000s\000\040\000T\000e\000c\000h\000n\000i\000q\000u\000e\000s}{section.8.2}% 92
\BOOKMARK [2][-]{subsection.8.2.2}{\376\377\000S\000o\000l\000u\000t\000i\000o\000n\000s\000\040\000A\000p\000p\000o\000r\000t\000\351\000e\000s}{section.8.2}% 93
\BOOKMARK [1][-]{section.8.3}{\376\377\000P\000e\000r\000s\000p\000e\000c\000t\000i\000v\000e\000s\000\040\000e\000t\000\040\000A\000m\000\351\000l\000i\000o\000r\000a\000t\000i\000o\000n\000s\000\040\000F\000u\000t\000u\000r\000e\000s}{chapter.8}% 94
\BOOKMARK [2][-]{subsection.8.3.1}{\376\377\000F\000o\000n\000c\000t\000i\000o\000n\000n\000a\000l\000i\000t\000\351\000s\000\040\000U\000t\000i\000l\000i\000s\000a\000t\000e\000u\000r}{section.8.3}% 95
\BOOKMARK [2][-]{subsection.8.3.2}{\376\377\000F\000o\000n\000c\000t\000i\000o\000n\000n\000a\000l\000i\000t\000\351\000s\000\040\000A\000d\000m\000i\000n\000i\000s\000t\000r\000a\000t\000e\000u\000r}{section.8.3}% 96
\BOOKMARK [2][-]{subsection.8.3.3}{\376\377\000A\000m\000\351\000l\000i\000o\000r\000a\000t\000i\000o\000n\000s\000\040\000T\000e\000c\000h\000n\000i\000q\000u\000e\000s}{section.8.3}% 97
\BOOKMARK [2][-]{subsection.8.3.4}{\376\377\000A\000m\000\351\000l\000i\000o\000r\000a\000t\000i\000o\000n\000s\000\040\000S\000\351\000c\000u\000r\000i\000t\000\351}{section.8.3}% 98
\BOOKMARK [1][-]{section.8.4}{\376\377\000C\000o\000n\000c\000l\000u\000s\000i\000o\000n\000\040\000F\000i\000n\000a\000l\000e}{chapter.8}% 99
\BOOKMARK [0][-]{appendix.A}{\376\377\000C\000o\000d\000e\000\040\000S\000o\000u\000r\000c\000e\000\040\000I\000m\000p\000o\000r\000t\000a\000n\000t}{}% 100
\BOOKMARK [1][-]{section.A.1}{\376\377\000S\000c\000h\000\351\000m\000a\000\040\000M\000o\000n\000g\000o\000o\000s\000e\000\040\000U\000s\000e\000r}{appendix.A}% 101
\BOOKMARK [1][-]{section.A.2}{\376\377\000M\000i\000d\000d\000l\000e\000w\000a\000r\000e\000\040\000d\000'\000A\000u\000t\000h\000e\000n\000t\000i\000f\000i\000c\000a\000t\000i\000o\000n\000\040\000J\000W\000T}{appendix.A}% 102
\BOOKMARK [0][-]{appendix.B}{\376\377\000C\000o\000m\000m\000a\000n\000d\000e\000s\000\040\000d\000e\000\040\000D\000\351\000p\000l\000o\000i\000e\000m\000e\000n\000t}{}% 103
\BOOKMARK [1][-]{section.B.1}{\376\377\000C\000o\000m\000m\000a\000n\000d\000e\000s\000\040\000G\000i\000t}{appendix.B}% 104
\BOOKMARK [1][-]{section.B.2}{\376\377\000D\000\351\000p\000l\000o\000i\000e\000m\000e\000n\000t\000\040\000B\000a\000c\000k\000e\000n\000d\000\040\000\050\000R\000e\000n\000d\000e\000r\000\051}{appendix.B}% 105
\BOOKMARK [1][-]{section.B.3}{\376\377\000D\000\351\000p\000l\000o\000i\000e\000m\000e\000n\000t\000\040\000F\000r\000o\000n\000t\000e\000n\000d\000\040\000\050\000V\000e\000r\000c\000e\000l\000\051}{appendix.B}% 106
